<?xml version="1.0" encoding="UTF-8"?>
<!-- Generated by org.testng.reporters.JUnitReportReporter -->
<testsuite skipped="0" hostname="HDC1-D-C7JRXJ2" name="ExcelActions.readingFile" tests="1" failures="0" timestamp="12 Feb 2019 06:16:46 GMT" time="0.831" errors="0">
  <testcase name="ReadExcel" time="0.831" classname="ExcelActions.readingFile"/>
</testsuite> <!-- ExcelActions.readingFile -->
