<?xml version="1.0" encoding="UTF-8"?>
<!-- Generated by org.testng.reporters.JUnitReportReporter -->
<testsuite skipped="0" hostname="HDC1-D-C7JRXJ2" name="ExcelActions.ReadingAll" tests="1" failures="0" timestamp="12 Feb 2019 08:27:01 GMT" time="108.069" errors="0">
  <testcase name="Rall" time="108.069" classname="ExcelActions.ReadingAll"/>
</testsuite> <!-- ExcelActions.ReadingAll -->
